2026-03-19 08:35:18 - 🔍 开始检查交易机器人状态...
2026-03-19 08:35:18 - ================================
2026-03-19 08:35:18 - ✅ 机器人进程正在运行
2026-03-19 08:35:18 - ✅ 机器人健康状态良好
2026-03-19 08:35:18 - 📊 当前状态摘要:
2026-03-19 08:35:18 -    状态: 运行中 (PID: 9449)
2026-03-19 08:35:18 -    余额: 14.38 USDT
2026-03-19 08:35:18 -    2026-03-19 08:35:05,301 - INFO - 📦 Active Positions: ['ETH/USDT:USDT'] (Max: 2)
2026-03-19 08:35:18 - ================================

2026-03-19 09:00:01 - 🔍 开始检查交易机器人状态...
2026-03-19 09:00:01 - ================================
2026-03-19 09:00:01 - ✅ 机器人进程正在运行
2026-03-19 09:00:01 - ✅ 机器人健康状态良好
2026-03-19 09:00:01 - 📊 当前状态摘要:
2026-03-19 09:00:01 -    状态: 运行中 (PID: 9449)
2026-03-19 09:00:01 -    余额: 14.38 USDT
2026-03-19 09:00:01 -    2026-03-19 08:59:30,860 - INFO - 📦 Active Positions: ['ETH/USDT:USDT'] (Max: 2)
2026-03-19 09:00:01 - ================================

2026-03-19 10:07:15 - ================================
2026-03-19 10:07:15 - 🔍 开始检查交易机器人状态...
2026-03-19 10:07:15 - ✅ 机器人进程正在运行
2026-03-19 10:07:15 - ✅ 机器人健康状态良好
2026-03-19 10:07:15 - 📊 当前状态摘要:
2026-03-19 10:07:15 -    状态: 运行中 (PID: 9449)
2026-03-19 10:07:15 -    余额: 14.26 USDT
2026-03-19 10:07:15 - ================================
2026-03-19 10:19:04 - ================================
2026-03-19 10:19:04 - 🔍 开始检查交易机器人状态...
2026-03-19 10:19:04 - ✅ 机器人进程正在运行
2026-03-19 10:19:04 - ✅ 机器人健康状态良好
2026-03-19 10:19:04 - 📊 当前状态摘要:
2026-03-19 10:19:04 -    状态: 运行中 (PID: 9449)
2026-03-19 10:19:04 -    余额: 14.26 USDT
2026-03-19 10:19:04 - 📱 飞书通知已准备: 🤖 交易机器人状态报告
2026-03-19 10:19:04 - ================================
2026-03-19 11:00:01 - ================================
2026-03-19 11:00:01 - 🔍 开始检查交易机器人状态...
2026-03-19 11:00:01 - ✅ 机器人进程正在运行
2026-03-19 11:00:01 - ✅ 机器人健康状态良好
2026-03-19 11:00:01 - 📊 当前状态摘要:
2026-03-19 11:00:01 -    状态: 运行中 (PID: 9449)
2026-03-19 11:00:01 -    余额: 14.26 USDT
2026-03-19 11:00:01 - 📱 飞书通知已准备: 🤖 交易机器人状态报告
2026-03-19 11:00:01 - ================================
2026-03-19 11:08:13 - ================================
2026-03-19 11:08:13 - 🔍 开始检查交易机器人状态...
2026-03-19 11:08:13 - ✅ 机器人进程正在运行
2026-03-19 11:08:13 - ✅ 机器人健康状态良好
2026-03-19 11:08:13 - 📊 当前状态摘要:
2026-03-19 11:08:13 -    状态: 运行中 (PID: 9449)
2026-03-19 11:08:13 -    余额: 14.26 USDT
2026-03-19 11:08:13 - 📱 飞书通知已准备: 🤖 交易机器人状态报告
2026-03-19 11:08:13 - ================================
2026-03-19 11:10:16 - ================================
2026-03-19 11:10:16 - 🔍 开始检查交易机器人状态...
2026-03-19 11:10:16 - ✅ 机器人进程正在运行
2026-03-19 11:10:16 - ✅ 机器人健康状态良好
2026-03-19 11:10:16 - 📊 当前状态摘要:
2026-03-19 11:10:16 -    状态: 运行中 (PID: 9449)
2026-03-19 11:10:16 -    余额: 14.26 USDT
2026-03-19 11:10:16 - 📱 飞书消息已加入队列: 🤖 交易机器人状态报告
2026-03-19 11:10:16 - ================================
2026-03-19 11:15:38 - ================================
2026-03-19 11:15:38 - 🔍 开始检查交易机器人状态...
2026-03-19 11:15:38 - ✅ 机器人进程正在运行
2026-03-19 11:15:38 - ✅ 机器人健康状态良好
2026-03-19 11:15:38 - 📊 当前状态摘要:
2026-03-19 11:15:38 -    状态: 运行中 (PID: 9449)
2026-03-19 11:15:38 -    余额: 14.26 USDT
2026-03-19 11:15:38 - 📱 消息已加入队列: 🤖 交易机器人状态报告
2026-03-19 11:15:38 - ================================
2026-03-19 11:16:24 - ================================
2026-03-19 11:16:24 - 🔍 开始检查交易机器人状态...
2026-03-19 11:16:24 - ✅ 机器人进程正在运行
2026-03-19 11:16:24 - ✅ 机器人健康状态良好
2026-03-19 11:16:24 - 📊 当前状态摘要:
2026-03-19 11:16:24 -    状态: 运行中 (PID: 9449)
2026-03-19 11:16:24 -    余额: 14.26 USDT
2026-03-19 11:16:24 - 📱 消息已加入队列: 🤖 交易机器人状态报告
2026-03-19 11:16:24 - ================================
2026-03-19 12:00:01 - ================================
2026-03-19 12:00:01 - 🔍 开始检查交易机器人状态...
2026-03-19 12:00:01 - ✅ 机器人进程正在运行
2026-03-19 12:00:01 - ✅ 机器人健康状态良好
2026-03-19 12:00:01 - 📊 当前状态摘要:
2026-03-19 12:00:01 -    状态: 运行中 (PID: 9449)
2026-03-19 12:00:01 -    余额: 14.53 USDT
2026-03-19 12:00:01 -    持仓: ['ETH/USDT:USDT']
2026-03-19 12:00:01 - 📱 消息已加入队列: 🤖 交易机器人状态报告
2026-03-19 12:00:01 - ================================
2026-03-19 12:07:17 - ================================
2026-03-19 12:07:17 - 🔍 开始检查交易机器人状态...
2026-03-19 12:07:17 - ✅ 机器人进程正在运行
2026-03-19 12:07:17 - ✅ 机器人健康状态良好
2026-03-19 12:07:17 - 📊 当前状态摘要:
2026-03-19 12:07:17 -    状态: 运行中 (PID: 9449)
2026-03-19 12:07:17 -    余额: 14.62 USDT
2026-03-19 12:07:17 -    持仓: ['ETH/USDT:USDT']
2026-03-19 12:07:17 - 📱 飞书通知已创建: 🤖 交易机器人状态报告
2026-03-19 12:07:17 - ================================
2026-03-19 13:00:01 - ================================
2026-03-19 13:00:01 - 🔍 开始检查交易机器人状态...
2026-03-19 13:00:01 - ✅ 机器人进程正在运行
2026-03-19 13:00:01 - ✅ 机器人健康状态良好
2026-03-19 13:00:01 - 📊 当前状态摘要:
2026-03-19 13:00:01 -    状态: 运行中 (PID: 9449)
2026-03-19 13:00:01 -    余额: 14.87 USDT
2026-03-19 13:00:01 -    持仓: ['ETH/USDT:USDT']
2026-03-19 13:00:01 - 📱 飞书通知已创建: 🤖 交易机器人状态报告
2026-03-19 13:00:01 - ================================
2026-03-19 14:00:01 - ================================
2026-03-19 14:00:01 - 🔍 开始检查交易机器人状态...
2026-03-19 14:00:01 - ✅ 机器人进程正在运行
2026-03-19 14:00:01 - ✅ 机器人健康状态良好
2026-03-19 14:00:01 - 📊 当前状态摘要:
2026-03-19 14:00:02 -    状态: 运行中 (PID: 12980)
2026-03-19 14:00:02 -    余额: 14.88 USDT
2026-03-19 14:00:02 - 📱 飞书通知已创建: 🤖 交易机器人状态报告
2026-03-19 14:00:02 - ================================
2026-03-19 15:00:01 - ================================
2026-03-19 15:00:01 - 🔍 开始检查交易机器人状态...
2026-03-19 15:00:01 - ✅ 机器人进程正在运行
2026-03-19 15:00:01 - ✅ 机器人健康状态良好
2026-03-19 15:00:01 - 📊 当前状态摘要:
2026-03-19 15:00:01 -    状态: 运行中 (PID: 13613)
2026-03-19 15:00:01 -    余额: 14.88 USDT
2026-03-19 15:00:01 - 📱 飞书通知已创建: 🤖 交易机器人状态报告
2026-03-19 15:00:01 - ================================
2026-03-19 16:00:01 - ================================
2026-03-19 16:00:01 - 🔍 开始检查交易机器人状态...
2026-03-19 16:00:01 - ✅ 机器人进程正在运行
2026-03-19 16:00:01 - ⚠️ 机器人进程存在但可能卡住
2026-03-19 16:00:01 - 🛑 停止交易机器人...
2026-03-19 16:00:04 - ✅ 机器人已停止
2026-03-19 16:00:04 - 📱 飞书通知已创建: 🛑 交易机器人已停止
2026-03-19 16:00:04 - 🚀 启动交易机器人...
2026-03-19 16:00:04 - ⏳ 等待机器人启动...
2026-03-19 16:00:09 - ✅ 机器人启动成功 (PID: 14890)
2026-03-19 16:00:09 - 📱 飞书通知已创建: ✅ 交易机器人已启动
2026-03-19 16:00:09 - 📊 当前状态摘要:
2026-03-19 16:00:09 -    状态: 运行中 (PID: 14890)
2026-03-19 16:00:09 -    余额: 14.88 USDT
2026-03-19 16:00:09 - 📱 飞书通知已创建: 🤖 交易机器人状态报告
2026-03-19 16:00:09 - ================================
2026-03-19 17:00:01 - ================================
2026-03-19 17:00:01 - 🔍 开始检查交易机器人状态...
2026-03-19 17:00:01 - ✅ 机器人进程正在运行
2026-03-19 17:00:01 - ⚠️ 机器人进程存在但可能卡住
2026-03-19 17:00:01 - 🛑 停止交易机器人...
2026-03-19 17:00:04 - ✅ 机器人已停止
2026-03-19 17:00:04 - 📱 飞书通知已创建: 🛑 交易机器人已停止
2026-03-19 17:00:04 - 🚀 启动交易机器人...
2026-03-19 17:00:04 - ⏳ 等待机器人启动...
2026-03-19 17:00:09 - ✅ 机器人启动成功 (PID: 16396)
2026-03-19 17:00:09 - 📱 飞书通知已创建: ✅ 交易机器人已启动
2026-03-19 17:00:09 - 📊 当前状态摘要:
2026-03-19 17:00:09 -    状态: 运行中 (PID: 16396)
2026-03-19 17:00:09 -    余额: 14.87 USDT
2026-03-19 17:00:09 - 📱 飞书通知已创建: 🤖 交易机器人状态报告
2026-03-19 17:00:09 - ================================
2026-03-19 18:00:01 - ================================
2026-03-19 18:00:01 - 🔍 开始检查交易机器人状态...
2026-03-19 18:00:01 - ❌ 机器人未运行
2026-03-19 18:00:01 - 🚀 启动交易机器人...
2026-03-19 18:00:01 - ⏳ 等待机器人启动...
2026-03-19 18:00:06 - ✅ 机器人启动成功 (PID: 1365)
2026-03-19 18:00:06 - 📱 飞书通知已创建: ✅ 交易机器人已启动
2026-03-19 18:00:06 - 📊 当前状态摘要:
2026-03-19 18:00:06 -    状态: 运行中 (PID: 1365)
2026-03-19 18:00:06 - 📱 飞书通知已创建: 🤖 交易机器人状态报告
2026-03-19 18:00:06 - ================================
2026-03-19 19:00:01 - ================================
2026-03-19 19:00:01 - 🔍 开始检查交易机器人状态...
2026-03-19 19:00:01 - ✅ 机器人进程正在运行
2026-03-19 19:00:01 - ✅ 机器人健康状态良好
2026-03-19 19:00:01 - 📊 当前状态摘要:
2026-03-19 19:00:01 -    状态: 运行中 (PID: 2283)
2026-03-19 19:00:01 -    余额: 14.71 USDT
2026-03-19 19:00:01 -    持仓: ['SOL/USDT:USDT']
2026-03-19 19:00:01 - 📱 飞书通知已创建: 🤖 交易机器人状态报告
2026-03-19 19:00:01 - ================================
2026-03-19 20:00:01 - ================================
2026-03-19 20:00:01 - 🔍 开始检查交易机器人状态...
2026-03-19 20:00:01 - ✅ 机器人进程正在运行
2026-03-19 20:00:01 - ✅ 机器人健康状态良好
2026-03-19 20:00:01 - 📊 当前状态摘要:
2026-03-19 20:00:01 -    状态: 运行中 (PID: 2283)
2026-03-19 20:00:01 -    余额: 14.76 USDT
2026-03-19 20:00:01 -    持仓: ['SOL/USDT:USDT']
2026-03-19 20:00:01 - 📱 飞书通知已创建: 🤖 交易机器人状态报告
2026-03-19 20:00:01 - ================================
2026-03-19 21:00:01 - ================================
2026-03-19 21:00:01 - 🔍 开始检查交易机器人状态...
2026-03-19 21:00:01 - ✅ 机器人进程正在运行
2026-03-19 21:00:01 - ✅ 机器人健康状态良好
2026-03-19 21:00:01 - 📊 当前状态摘要:
2026-03-19 21:00:01 -    状态: 运行中 (PID: 7939)
2026-03-19 21:00:01 -    余额: 15.43 USDT
2026-03-19 21:00:01 -    持仓: ['DOT/USDT:USDT']
2026-03-19 21:00:01 - 📱 飞书通知已创建: 🤖 交易机器人状态报告
2026-03-19 21:00:01 - ================================
2026-03-19 22:00:01 - ================================
2026-03-19 22:00:01 - 🔍 开始检查交易机器人状态...
2026-03-19 22:00:01 - ✅ 机器人进程正在运行
2026-03-19 22:00:01 - ⚠️ 机器人进程存在但可能卡住
2026-03-19 22:00:01 - 🛑 停止交易机器人...
2026-03-19 22:00:04 - ✅ 机器人已停止
2026-03-19 22:00:04 - 📱 飞书通知已创建: 🛑 交易机器人已停止
2026-03-19 22:00:04 - 🚀 启动交易机器人...
2026-03-19 22:00:04 - ⏳ 等待机器人启动...
2026-03-19 22:00:09 - ✅ 机器人启动成功 (PID: 9582)
2026-03-19 22:00:09 - 📱 飞书通知已创建: ✅ 交易机器人已启动
2026-03-19 22:00:09 - 📊 当前状态摘要:
2026-03-19 22:00:09 -    状态: 运行中 (PID: 9582)
2026-03-19 22:00:09 -    余额: 15.29 USDT
2026-03-19 22:00:09 -    持仓: ['DOT/USDT:USDT']
2026-03-19 22:00:09 - 📱 飞书通知已创建: 🤖 交易机器人状态报告
2026-03-19 22:00:09 - ================================
2026-03-19 23:00:01 - ================================
2026-03-19 23:00:01 - 🔍 开始检查交易机器人状态...
2026-03-19 23:00:01 - ❌ 机器人未运行
2026-03-19 23:00:01 - 🚀 启动交易机器人...
2026-03-19 23:00:01 - ⏳ 等待机器人启动...
2026-03-19 23:00:06 - ✅ 机器人启动成功 (PID: 10938)
2026-03-19 23:00:06 - 📱 飞书通知已创建: ✅ 交易机器人已启动
2026-03-19 23:00:06 - 📊 当前状态摘要:
2026-03-19 23:00:06 -    状态: 运行中 (PID: 10938)
2026-03-19 23:00:06 -    余额: 16.52 USDT
2026-03-19 23:00:06 - 📱 飞书通知已创建: 🤖 交易机器人状态报告
2026-03-19 23:00:06 - ================================
2026-03-20 00:00:01 - ================================
2026-03-20 00:00:01 - 🔍 开始检查交易机器人状态...
2026-03-20 00:00:01 - ❌ 机器人未运行
2026-03-20 00:00:01 - 🚀 启动交易机器人...
2026-03-20 00:00:01 - ⏳ 等待机器人启动...
2026-03-20 00:00:06 - ✅ 机器人启动成功 (PID: 12465)
2026-03-20 00:00:06 - 📱 飞书通知已创建: ✅ 交易机器人已启动
2026-03-20 00:00:06 - 📊 当前状态摘要:
2026-03-20 00:00:06 -    状态: 运行中 (PID: 12465)
2026-03-20 00:00:06 - 📱 飞书通知已创建: 🤖 交易机器人状态报告
2026-03-20 00:00:06 - ================================
2026-03-20 01:00:01 - ================================
2026-03-20 01:00:01 - 🔍 开始检查交易机器人状态...
2026-03-20 01:00:01 - ✅ 机器人进程正在运行
2026-03-20 01:00:01 - ✅ 机器人健康状态良好
2026-03-20 01:00:01 - 📊 当前状态摘要:
2026-03-20 01:00:01 -    状态: 运行中 (PID: 13284)
2026-03-20 01:00:01 -    余额: 16.55 USDT
2026-03-20 01:00:01 -    持仓: ['ATOM/USDT:USDT', 'ALGO/USDT:USDT']
2026-03-20 01:00:01 - 📱 飞书通知已创建: 🤖 交易机器人状态报告
2026-03-20 01:00:01 - ================================
2026-03-20 02:00:01 - ================================
2026-03-20 02:00:01 - 🔍 开始检查交易机器人状态...
2026-03-20 02:00:01 - ✅ 机器人进程正在运行
2026-03-20 02:00:01 - ⚠️ 机器人进程存在但可能卡住
2026-03-20 02:00:01 - 🛑 停止交易机器人...
2026-03-20 02:00:04 - ✅ 机器人已停止
2026-03-20 02:00:04 - 📱 飞书通知已创建: 🛑 交易机器人已停止
2026-03-20 02:00:04 - 🚀 启动交易机器人...
2026-03-20 02:00:04 - ⏳ 等待机器人启动...
2026-03-20 02:00:09 - ✅ 机器人启动成功 (PID: 16237)
2026-03-20 02:00:09 - 📱 飞书通知已创建: ✅ 交易机器人已启动
2026-03-20 02:00:09 - 📊 当前状态摘要:
2026-03-20 02:00:09 -    状态: 运行中 (PID: 16237)
2026-03-20 02:00:09 -    余额: 16.57 USDT
2026-03-20 02:00:09 - 📱 飞书通知已创建: 🤖 交易机器人状态报告
2026-03-20 02:00:09 - ================================
2026-03-20 03:00:01 - ================================
2026-03-20 03:00:01 - 🔍 开始检查交易机器人状态...
2026-03-20 03:00:01 - ✅ 机器人进程正在运行
2026-03-20 03:00:01 - ✅ 机器人健康状态良好
2026-03-20 03:00:01 - 📊 当前状态摘要:
2026-03-20 03:00:01 -    状态: 运行中 (PID: 16237)
2026-03-20 03:00:01 -    余额: 15.74 USDT
2026-03-20 03:00:01 -    持仓: ['UNI/USDT:USDT', 'ATOM/USDT:USDT']
2026-03-20 03:00:01 - 📱 飞书通知已创建: 🤖 交易机器人状态报告
2026-03-20 03:00:01 - ================================
2026-03-20 04:00:01 - ================================
2026-03-20 04:00:01 - 🔍 开始检查交易机器人状态...
2026-03-20 04:00:01 - ✅ 机器人进程正在运行
2026-03-20 04:00:01 - ⚠️ 机器人进程存在但可能卡住
2026-03-20 04:00:01 - 🛑 停止交易机器人...
2026-03-20 04:00:04 - ✅ 机器人已停止
2026-03-20 04:00:04 - 📱 飞书通知已创建: 🛑 交易机器人已停止
2026-03-20 04:00:04 - 🚀 启动交易机器人...
2026-03-20 04:00:04 - ⏳ 等待机器人启动...
2026-03-20 04:00:09 - ✅ 机器人启动成功 (PID: 19884)
2026-03-20 04:00:09 - 📱 飞书通知已创建: ✅ 交易机器人已启动
2026-03-20 04:00:09 - 📊 当前状态摘要:
2026-03-20 04:00:09 -    状态: 运行中 (PID: 19884)
2026-03-20 04:00:09 -    余额: 15.11 USDT
2026-03-20 04:00:09 - 📱 飞书通知已创建: 🤖 交易机器人状态报告
2026-03-20 04:00:09 - ================================
2026-03-20 05:00:01 - ================================
2026-03-20 05:00:01 - 🔍 开始检查交易机器人状态...
2026-03-20 05:00:01 - ✅ 机器人进程正在运行
2026-03-20 05:00:01 - ✅ 机器人健康状态良好
2026-03-20 05:00:01 - 📊 当前状态摘要:
2026-03-20 05:00:01 -    状态: 运行中 (PID: 19884)
2026-03-20 05:00:01 -    余额: 14.33 USDT
2026-03-20 05:00:01 -    持仓: ['ETH/USDT:USDT', 'BNB/USDT:USDT']
2026-03-20 05:00:01 - 📱 飞书通知已创建: 🤖 交易机器人状态报告
2026-03-20 05:00:01 - ================================
2026-03-20 06:00:01 - ================================
2026-03-20 06:00:01 - 🔍 开始检查交易机器人状态...
2026-03-20 06:00:01 - ❌ 机器人未运行
2026-03-20 06:00:01 - 🚀 启动交易机器人...
2026-03-20 06:00:01 - ⏳ 等待机器人启动...
2026-03-20 06:00:06 - ✅ 机器人启动成功 (PID: 23543)
2026-03-20 06:00:06 - 📱 飞书通知已创建: ✅ 交易机器人已启动
2026-03-20 06:00:06 - 📊 当前状态摘要:
2026-03-20 06:00:06 -    状态: 运行中 (PID: 23543)
2026-03-20 06:00:06 -    余额: 14.29 USDT
2026-03-20 06:00:06 - 📱 飞书通知已创建: 🤖 交易机器人状态报告
2026-03-20 06:00:06 - ================================
2026-03-20 07:00:01 - ================================
2026-03-20 07:00:01 - 🔍 开始检查交易机器人状态...
2026-03-20 07:00:01 - ✅ 机器人进程正在运行
2026-03-20 07:00:01 - ✅ 机器人健康状态良好
2026-03-20 07:00:01 - 📊 当前状态摘要:
2026-03-20 07:00:01 -    状态: 运行中 (PID: 23543)
2026-03-20 07:00:01 -    余额: 14.64 USDT
2026-03-20 07:00:01 -    持仓: ['ETH/USDT:USDT']
2026-03-20 07:00:01 - 📱 飞书通知已创建: 🤖 交易机器人状态报告
2026-03-20 07:00:01 - ================================
2026-03-20 08:00:01 - ================================
2026-03-20 08:00:01 - 🔍 开始检查交易机器人状态...
2026-03-20 08:00:01 - ✅ 机器人进程正在运行
2026-03-20 08:00:01 - ✅ 机器人健康状态良好
2026-03-20 08:00:01 - 📊 当前状态摘要:
2026-03-20 08:00:01 -    状态: 运行中 (PID: 23543)
2026-03-20 08:00:01 -    余额: 14.69 USDT
2026-03-20 08:00:01 -    持仓: ['ETH/USDT:USDT']
2026-03-20 08:00:01 - 📱 飞书通知已创建: 🤖 交易机器人状态报告
2026-03-20 08:00:01 - ================================
2026-03-20 09:00:01 - ================================
2026-03-20 09:00:01 - 🔍 开始检查交易机器人状态...
2026-03-20 09:00:01 - ✅ 机器人进程正在运行
2026-03-20 09:00:01 - ✅ 机器人健康状态良好
2026-03-20 09:00:01 - 📊 当前状态摘要:
2026-03-20 09:00:01 -    状态: 运行中 (PID: 23543)
2026-03-20 09:00:01 -    余额: 14.11 USDT
2026-03-20 09:00:01 -    持仓: ['SOL/USDT:USDT', 'ETH/USDT:USDT']
2026-03-20 09:00:01 - 📱 飞书通知已创建: 🤖 交易机器人状态报告
2026-03-20 09:00:01 - ================================
2026-03-20 10:00:01 - ================================
2026-03-20 10:00:01 - 🔍 开始检查交易机器人状态...
2026-03-20 10:00:01 - ✅ 机器人进程正在运行
2026-03-20 10:00:01 - ⚠️ 机器人进程存在但可能卡住
2026-03-20 10:00:01 - 🛑 停止交易机器人...
2026-03-20 10:00:04 - ✅ 机器人已停止
2026-03-20 10:00:04 - 📱 飞书通知已创建: 🛑 交易机器人已停止
2026-03-20 10:00:04 - 🚀 启动交易机器人...
2026-03-20 10:00:04 - ⏳ 等待机器人启动...
2026-03-20 10:00:09 - ✅ 机器人启动成功 (PID: 32122)
2026-03-20 10:00:09 - 📱 飞书通知已创建: ✅ 交易机器人已启动
2026-03-20 10:00:09 - 📊 当前状态摘要:
2026-03-20 10:00:09 -    状态: 运行中 (PID: 32122)
2026-03-20 10:00:09 -    余额: 13.33 USDT
2026-03-20 10:00:09 - 📱 飞书通知已创建: 🤖 交易机器人状态报告
2026-03-20 10:00:09 - ================================
2026-03-20 11:00:01 - ================================
2026-03-20 11:00:01 - 🔍 开始检查交易机器人状态...
2026-03-20 11:00:01 - ✅ 机器人进程正在运行
2026-03-20 11:00:01 - ⚠️ 机器人进程存在但可能卡住
2026-03-20 11:00:01 - ⚠️ 检测到网络错误
2026-03-20 11:00:01 - 🛑 停止交易机器人...
2026-03-20 11:00:04 - ✅ 机器人已停止
2026-03-20 11:00:04 - 📱 飞书通知已创建: 🛑 交易机器人已停止
2026-03-20 11:00:04 - 🚀 启动交易机器人...
2026-03-20 11:00:04 - ⏳ 等待机器人启动...
2026-03-20 11:00:09 - ✅ 机器人启动成功 (PID: 34717)
2026-03-20 11:00:09 - 📱 飞书通知已创建: ✅ 交易机器人已启动
2026-03-20 11:00:09 - 📊 当前状态摘要:
2026-03-20 11:00:10 -    状态: 运行中 (PID: 34717)
2026-03-20 11:00:10 -    余额: 13.33 USDT
2026-03-20 11:00:10 - 📱 飞书通知已创建: 🤖 交易机器人状态报告
2026-03-20 11:00:10 - ================================
2026-03-20 12:00:01 - ================================
2026-03-20 12:00:01 - 🔍 开始检查交易机器人状态...
2026-03-20 12:00:01 - ✅ 机器人进程正在运行
2026-03-20 12:00:01 - ⚠️ 机器人进程存在但可能卡住
2026-03-20 12:00:01 - 🛑 停止交易机器人...
2026-03-20 12:00:04 - ✅ 机器人已停止
2026-03-20 12:00:04 - 📱 飞书通知已创建: 🛑 交易机器人已停止
2026-03-20 12:00:04 - 🚀 启动交易机器人...
2026-03-20 12:00:04 - ⏳ 等待机器人启动...
2026-03-20 12:00:09 - ✅ 机器人启动成功 (PID: 36660)
2026-03-20 12:00:09 - 📱 飞书通知已创建: ✅ 交易机器人已启动
2026-03-20 12:00:09 - 📊 当前状态摘要:
2026-03-20 12:00:09 -    状态: 运行中 (PID: 36660)
2026-03-20 12:00:09 -    余额: 13.33 USDT
2026-03-20 12:00:09 - 📱 飞书通知已创建: 🤖 交易机器人状态报告
2026-03-20 12:00:09 - ================================
2026-03-20 22:00:01 - ================================
2026-03-20 22:00:01 - 🔍 开始检查交易机器人状态...
2026-03-20 22:00:01 - ❌ 机器人未运行
2026-03-20 22:00:01 - 🚀 启动交易机器人...
2026-03-20 22:00:01 - ⏳ 等待机器人启动...
2026-03-20 22:00:06 - ✅ 机器人启动成功 (PID: 48735)
2026-03-20 22:00:06 - 📱 飞书通知已创建: ✅ 交易机器人已启动
2026-03-20 22:00:06 - 📊 当前状态摘要:
2026-03-20 22:00:06 -    状态: 运行中 (PID: 48735)
2026-03-20 22:00:06 - 📱 飞书通知已创建: 🤖 交易机器人状态报告
2026-03-20 22:00:06 - ================================
2026-03-20 23:00:01 - ================================
2026-03-20 23:00:01 - 🔍 开始检查交易机器人状态...
2026-03-20 23:00:01 - ✅ 机器人进程正在运行
2026-03-20 23:00:01 - ✅ 机器人健康状态良好
2026-03-20 23:00:01 - 📊 当前状态摘要:
2026-03-20 23:00:01 -    状态: 运行中 (PID: 1253)
2026-03-20 23:00:01 -    余额: 12.73 USDT
2026-03-20 23:00:01 - 📱 飞书通知已创建: 🤖 交易机器人状态报告
2026-03-20 23:00:01 - ================================
